// 重构日志: 5720ee6b
// 重构日志: 5d5b62a5
// 重构日志: f13cd4dc
// 重构日志: dd07062d
// 重构日志: d4e4170e
// 同步 ID: 69d993fb @ Sat Jun 27 13:03:55 UTC 2026
// 重构日志: adb6e3c9
// 重构日志: c05e974a
// 重构日志: e2afbf94
// 同步 ID: ff4cc2fe @ Sun Jun 28 15:40:08 UTC 2026
// 重构日志: 0f5a7f38
// 重构日志: 9508efbe
// 重构日志: e8dc45c2
// 重构日志: b72459c3
// 同步 ID: 63e762d1 @ Wed Jul  1 14:41:03 UTC 2026
// 同步 ID: 586e11cf @ Thu Jul  2 09:49:24 UTC 2026
// 同步 ID: 46165544 @ Thu Jul  2 16:15:20 UTC 2026
// 同步 ID: 7fdfe18a @ Fri Jul  3 04:54:53 UTC 2026
// 重构日志: 6d32bf72
// 同步 ID: 091fc2c6 @ Fri Jul  3 16:20:06 UTC 2026
// 重构日志: 03986cf3
// 重构日志: 6ea37a73
// 重构日志: 5f38c328
// 同步 ID: ad4af416 @ Sat Jul  4 12:23:22 UTC 2026
// 重构日志: a4ac5241
// 重构日志: 11276f51
// 重构日志: e69a6440
// 重构日志: ead84804
// 重构日志: 323d83d9
// 同步 ID: 9991628b @ Sun Jul  5 15:02:45 UTC 2026
